Using pre-set license
Built from '2021.3/staging' branch; Version is '2021.3.45f1 (0da89fac8e79) revision 895135'; Using compiler version '192829333'; Build Type 'Release'
OS: 'Windows 11  (10.0.26100) 64bit Professional' Language: 'zh' Physical Memory: 16218 MB
BatchMode: 1, IsHumanControllingUs: 0, StartBugReporterOnCrash: 0, Is64bit: 1, IsPro: 1

COMMAND LINE ARGUMENTS:
C:\Program Files\Unity\Hub\Editor\2021.3.45f1\Editor\Unity.exe
-adb2
-batchMode
-noUpm
-name
AssetImportWorker1
-projectPath
C:/Users/Master/UnityProjects/Specter Chase Maze Trial
-logFile
Logs/AssetImportWorker1.log
-srvPort
58368
Successfully changed project path to: C:/Users/Master/UnityProjects/Specter Chase Maze Trial
C:/Users/Master/UnityProjects/Specter Chase Maze Trial
[UnityMemory] Configuration Parameters - Can be set up in boot.config
    "memorysetup-bucket-allocator-granularity=16"
    "memorysetup-bucket-allocator-bucket-count=8"
    "memorysetup-bucket-allocator-block-size=33554432"
    "memorysetup-bucket-allocator-block-count=8"
    "memorysetup-main-allocator-block-size=16777216"
    "memorysetup-thread-allocator-block-size=16777216"
    "memorysetup-gfx-main-allocator-block-size=16777216"
    "memorysetup-gfx-thread-allocator-block-size=16777216"
    "memorysetup-cache-allocator-block-size=4194304"
    "memorysetup-typetree-allocator-block-size=2097152"
    "memorysetup-profiler-bucket-allocator-granularity=16"
    "memorysetup-profiler-bucket-allocator-bucket-count=8"
    "memorysetup-profiler-bucket-allocator-block-size=33554432"
    "memorysetup-profiler-bucket-allocator-block-count=8"
    "memorysetup-profiler-allocator-block-size=16777216"
    "memorysetup-profiler-editor-allocator-block-size=1048576"
    "memorysetup-temp-allocator-size-main=16777216"
    "memorysetup-job-temp-allocator-block-size=2097152"
    "memorysetup-job-temp-allocator-block-size-background=1048576"
    "memorysetup-job-temp-allocator-reduction-small-platforms=262144"
    "memorysetup-temp-allocator-size-background-worker=32768"
    "memorysetup-temp-allocator-size-job-worker=262144"
    "memorysetup-temp-allocator-size-preload-manager=33554432"
    "memorysetup-temp-allocator-size-nav-mesh-worker=65536"
    "memorysetup-temp-allocator-size-audio-worker=65536"
    "memorysetup-temp-allocator-size-cloud-worker=32768"
    "memorysetup-temp-allocator-size-gi-baking-worker=262144"
    "memorysetup-temp-allocator-size-gfx=262144"
Player connection [29484] Host "[IP] 192.168.176.1 [Port] 0 [Flags] 2 [Guid] 3342302009 [EditorId] 3342302009 [Version] 1048832 [Id] WindowsEditor(7,WKS08) [Debug] 1 [PackageName] WindowsEditor [ProjectName] Editor" joined multi-casting on [225.0.0.222:54997]...

Player connection [29484] Host "[IP] 192.168.176.1 [Port] 0 [Flags] 2 [Guid] 3342302009 [EditorId] 3342302009 [Version] 1048832 [Id] WindowsEditor(7,WKS08) [Debug] 1 [PackageName] WindowsEditor [ProjectName] Editor" joined alternative multi-casting on [225.0.0.222:34997]...

[Physics::Module] Initialized MultithreadedJobDispatcher with {0} workers.
Refreshing native plugins compatible for Editor in 49.20 ms, found 3 plugins.
Preloading 0 native plugins for Editor in 0.00 ms.
Initialize engine version: 2021.3.45f1 (0da89fac8e79)
[Subsystems] Discovering subsystems at path C:/Program Files/Unity/Hub/Editor/2021.3.45f1/Editor/Data/Resources/UnitySubsystems
[Subsystems] Discovering subsystems at path C:/Users/Master/UnityProjects/Specter Chase Maze Trial/Assets
GfxDevice: creating device client; threaded=0; jobified=0
Direct3D:
    Version:  Direct3D 11.0 [level 11.1]
    Renderer: Radeon RX 550X (ID=0x699f)
    Vendor:   ATI
    VRAM:     4075 MB
    Driver:   31.0.21914.10004
Initialize mono
Mono path[0] = 'C:/Program Files/Unity/Hub/Editor/2021.3.45f1/Editor/Data/Managed'
Mono path[1] = 'C:/Program Files/Unity/Hub/Editor/2021.3.45f1/Editor/Data/MonoBleedingEdge/lib/mono/unityjit-win32'
Mono config path = 'C:/Program Files/Unity/Hub/Editor/2021.3.45f1/Editor/Data/MonoBleedingEdge/etc'
Using monoOptions --debugger-agent=transport=dt_socket,embedding=1,server=y,suspend=n,address=127.0.0.1:56352
Begin MonoManager ReloadAssembly
Registering precompiled unity dll's ...
Register platform support module: C:/Program Files/Unity/Hub/Editor/2021.3.45f1/Editor/Data/PlaybackEngines/WebGLSupport/UnityEditor.WebGL.Extensions.dll
Register platform support module: C:/Program Files/Unity/Hub/Editor/2021.3.45f1/Editor/Data/PlaybackEngines/AndroidPlayer/UnityEditor.Android.Extensions.dll
Register platform support module: C:/Program Files/Unity/Hub/Editor/2021.3.45f1/Editor/Data/PlaybackEngines/WindowsStandaloneSupport/UnityEditor.WindowsStandalone.Extensions.dll
Registered in 0.007857 seconds.
Native extension for WindowsStandalone target not found
Native extension for Android target not found
Android Extension - Scanning For ADB Devices 441 ms
Native extension for WebGL target not found
Refreshing native plugins compatible for Editor in 43.73 ms, found 3 plugins.
Preloading 0 native plugins for Editor in 0.00 ms.
Mono: successfully reloaded assembly
- Completed reload, in  1.111 seconds
Domain Reload Profiling:
	ReloadAssembly (1111ms)
		BeginReloadAssembly (123ms)
			ExecutionOrderSort (0ms)
			DisableScriptedObjects (0ms)
			BackupInstance (0ms)
			ReleaseScriptingObjects (0ms)
			CreateAndSetChildDomain (1ms)
		EndReloadAssembly (889ms)
			LoadAssemblies (122ms)
			RebuildTransferFunctionScriptingTraits (0ms)
			SetupTypeCache (119ms)
			ReleaseScriptCaches (0ms)
			RebuildScriptCaches (30ms)
			SetupLoadedEditorAssemblies (700ms)
				LogAssemblyErrors (0ms)
				InitializePlatformSupportModulesInManaged (514ms)
				SetLoadedEditorAssemblies (0ms)
				RefreshPlugins (44ms)
				BeforeProcessingInitializeOnLoad (1ms)
				ProcessInitializeOnLoadAttributes (95ms)
				ProcessInitializeOnLoadMethodAttributes (46ms)
				AfterProcessingInitializeOnLoad (0ms)
				EditorAssembliesLoaded (0ms)
			ExecutionOrderSort2 (0ms)
			AwakeInstancesAfterBackupRestoration (0ms)
Platform modules already initialized, skipping
Registering precompiled user dll's ...
Registered in 0.012443 seconds.
Begin MonoManager ReloadAssembly
Native extension for WindowsStandalone target not found
Native extension for Android target not found
Native extension for WebGL target not found
Refreshing native plugins compatible for Editor in 0.44 ms, found 3 plugins.
Preloading 0 native plugins for Editor in 0.00 ms.
Package Manager log level set to [2]
[Package Manager] Server::EnsureServerProcessIsRunning -- launch failed, reason: Unity was launched with the -noUpm command-line argument
[Package Manager] Cannot connect to Unity Package Manager local server
Mono: successfully reloaded assembly
- Completed reload, in  1.538 seconds
Domain Reload Profiling:
	ReloadAssembly (1540ms)
		BeginReloadAssembly (162ms)
			ExecutionOrderSort (0ms)
			DisableScriptedObjects (8ms)
			BackupInstance (0ms)
			ReleaseScriptingObjects (0ms)
			CreateAndSetChildDomain (23ms)
		EndReloadAssembly (1271ms)
			LoadAssemblies (151ms)
			RebuildTransferFunctionScriptingTraits (0ms)
			SetupTypeCache (302ms)
			ReleaseScriptCaches (1ms)
			RebuildScriptCaches (53ms)
			SetupLoadedEditorAssemblies (770ms)
				LogAssemblyErrors (0ms)
				InitializePlatformSupportModulesInManaged (16ms)
				SetLoadedEditorAssemblies (0ms)
				RefreshPlugins (0ms)
				BeforeProcessingInitializeOnLoad (64ms)
				ProcessInitializeOnLoadAttributes (662ms)
				ProcessInitializeOnLoadMethodAttributes (21ms)
				AfterProcessingInitializeOnLoad (6ms)
				EditorAssembliesLoaded (0ms)
			ExecutionOrderSort2 (0ms)
			AwakeInstancesAfterBackupRestoration (7ms)
Platform modules already initialized, skipping
========================================================================
Worker process is ready to serve import requests
Launched and connected shader compiler UnityShaderCompiler.exe after 0.07 seconds
Refreshing native plugins compatible for Editor in 0.61 ms, found 3 plugins.
Preloading 0 native plugins for Editor in 0.00 ms.
Unloading 3080 Unused Serialized files (Serialized files now loaded: 0)
Unloading 24 unused Assets / (46.9 KB). Loaded Objects now: 3541.
Memory consumption went from 106.8 MB to 106.7 MB.
Total: 2.984100 ms (FindLiveObjects: 0.317000 ms CreateObjectMapping: 0.213000 ms MarkObjects: 2.382400 ms  DeleteObjects: 0.070100 ms)

AssetImportParameters requested are different than current active one (requested -> active):
  custom:video-decoder-ogg-theora: a1e56fd34408186e4bbccfd4996cb3dc -> 
  custom:container-muxer-webm: aa71ff27fc2769a1b78a27578f13a17b -> 
  custom:container-demuxer-webm: 4f35f7cbe854078d1ac9338744f61a02 -> 
  custom:video-encoder-webm-vp8: eb34c28f22e8b96e1ab97ce403110664 -> 
  custom:video-codec-MediaFoundation-h265: 746d11721c4dcdbdad8f713fa42b33f4 -> 
  custom:CustomObjectIndexerAttribute: bc11b3a6c3213fcdd17b65e7da85e133 -> 
  custom:audio-encoder-webm-vorbis: bf7c407c2cedff20999df2af8eb42d56 -> 
  custom:framework-win-MediaFoundation: 216162199b28c13a410421893ffa2e32 -> 
  custom:SearchIndexIgnoredProperties: e643bd26f0fe6173181afceb89e7c659 -> 
  custom:container-demuxer-ogg: 62fdf1f143b41e24485cea50d1cbac27 -> 
  custom:video-decoder-webm-vp8: 9c59270c3fd7afecdb556c50c9e8de78 -> 
  custom:audio-decoder-ogg-vorbis: bf7c407c2cedff20999df2af8eb42d56 -> 
========================================================================
Received Import Request.
  Time since last request: 312518.484953 seconds.
  path: Assets/Maze/Materials
  artifactKey: Guid(2a982c816e94de146861a467dc763ded) Importer(815301076,1909f56bfc062723c751e8b465ee728b)
Number of updated assets reloaded before import = 0
Start importing Assets/Maze/Materials using Guid(2a982c816e94de146861a467dc763ded) Importer(815301076,1909f56bfc062723c751e8b465ee728b)  -> (artifact id: '513c9b369107873ea04449ce6bb07573') in 0.011982 seconds 
Number of asset objects unloaded after import = 0
========================================================================
Received Import Request.
  Time since last request: 0.000043 seconds.
  path: Assets/Maze/Materials/Textures/ImphenziaPixPal_Emission.png
  artifactKey: Guid(cd18bb2855b19c14bb33ab3b64d00890) Importer(815301076,1909f56bfc062723c751e8b465ee728b)
Number of updated assets reloaded before import = 0
Start importing Assets/Maze/Materials/Textures/ImphenziaPixPal_Emission.png using Guid(cd18bb2855b19c14bb33ab3b64d00890) Importer(815301076,1909f56bfc062723c751e8b465ee728b)  -> (artifact id: 'd2806b8fca5fdd3431fd7bbd5273fb68') in 0.126235 seconds 
Number of asset objects unloaded after import = 2
========================================================================
Received Import Request.
  Time since last request: 0.000029 seconds.
  path: Assets/Maze
  artifactKey: Guid(89a68a57d003eb54584e9bc15deadb20) Importer(815301076,1909f56bfc062723c751e8b465ee728b)
Number of updated assets reloaded before import = 0
Start importing Assets/Maze using Guid(89a68a57d003eb54584e9bc15deadb20) Importer(815301076,1909f56bfc062723c751e8b465ee728b)  -> (artifact id: 'f4b795d58209e66e15c06f73119d95fb') in 0.005049 seconds 
Number of asset objects unloaded after import = 0
========================================================================
Received Import Request.
  Time since last request: 0.000021 seconds.
  path: Assets/Maze/Materials/PixPal_URP.mat
  artifactKey: Guid(91b482afdd77d0d4f8e5321f9fe183a0) Importer(815301076,1909f56bfc062723c751e8b465ee728b)
Number of updated assets reloaded before import = 0
Start importing Assets/Maze/Materials/PixPal_URP.mat using Guid(91b482afdd77d0d4f8e5321f9fe183a0) Importer(815301076,1909f56bfc062723c751e8b465ee728b)  -> (artifact id: 'abfeab406b49e1075bd76b625780690f') in 0.083902 seconds 
Number of asset objects unloaded after import = 4
========================================================================
Received Import Request.
  Time since last request: 0.787814 seconds.
  path: Assets/Maze/Models/Floor_2M.fbx
  artifactKey: Guid(b60e5da05f0583e4188ab1c2c3d9689a) Importer(815301076,1909f56bfc062723c751e8b465ee728b)
Number of updated assets reloaded before import = 0
Start importing Assets/Maze/Models/Floor_2M.fbx using Guid(b60e5da05f0583e4188ab1c2c3d9689a) Importer(815301076,1909f56bfc062723c751e8b465ee728b)  -> (artifact id: 'ed669ff91cda951f1ee5085747317942') in 0.412894 seconds 
Number of asset objects unloaded after import = 7
========================================================================
Received Import Request.
  Time since last request: 0.000037 seconds.
  path: Assets/Maze/Models/Wall_Door_6M.fbx
  artifactKey: Guid(baf57603f98cbdd4e8007a7276476d51) Importer(815301076,1909f56bfc062723c751e8b465ee728b)
Number of updated assets reloaded before import = 0
Start importing Assets/Maze/Models/Wall_Door_6M.fbx using Guid(baf57603f98cbdd4e8007a7276476d51) Importer(815301076,1909f56bfc062723c751e8b465ee728b)  -> (artifact id: 'ace1ad8006e8d71ad36b1920b43cde8b') in 0.034430 seconds 
Number of asset objects unloaded after import = 12
========================================================================
Received Import Request.
  Time since last request: 0.000083 seconds.
  path: Assets/Maze/Models/Tree_4_V2.fbx
  artifactKey: Guid(269c43f79e5e35b4db7fb752fa445920) Importer(815301076,1909f56bfc062723c751e8b465ee728b)
Number of updated assets reloaded before import = 0
Start importing Assets/Maze/Models/Tree_4_V2.fbx using Guid(269c43f79e5e35b4db7fb752fa445920) Importer(815301076,1909f56bfc062723c751e8b465ee728b)  -> (artifact id: '6931f82b9ca57176fcb699e05c58309f') in 0.021412 seconds 
Number of asset objects unloaded after import = 7
========================================================================
Received Import Request.
  Time since last request: 0.000028 seconds.
  path: Assets/Maze/Models/Gap_M.fbx
  artifactKey: Guid(0b660c0cd3f80db40a53d84ce2b00388) Importer(815301076,1909f56bfc062723c751e8b465ee728b)
Number of updated assets reloaded before import = 0
Start importing Assets/Maze/Models/Gap_M.fbx using Guid(0b660c0cd3f80db40a53d84ce2b00388) Importer(815301076,1909f56bfc062723c751e8b465ee728b)  -> (artifact id: 'ee2828ca4c79192234d4789373adea3f') in 0.021225 seconds 
Number of asset objects unloaded after import = 7
========================================================================
Received Import Request.
  Time since last request: 0.000036 seconds.
  path: Assets/Maze/Models/Tree_3_V1.fbx
  artifactKey: Guid(a428b55e6190909499f600d13e26498b) Importer(815301076,1909f56bfc062723c751e8b465ee728b)
Number of updated assets reloaded before import = 0
Start importing Assets/Maze/Models/Tree_3_V1.fbx using Guid(a428b55e6190909499f600d13e26498b) Importer(815301076,1909f56bfc062723c751e8b465ee728b)  -> (artifact id: 'b13479bd1d24a123c4ee8e8feed9a7fd') in 0.020109 seconds 
Number of asset objects unloaded after import = 7
========================================================================
Received Import Request.
  Time since last request: 0.000031 seconds.
  path: Assets/Maze/Models/Gap.fbx
  artifactKey: Guid(b9c75c9560b29c94b8688daef265808c) Importer(815301076,1909f56bfc062723c751e8b465ee728b)
Number of updated assets reloaded before import = 0
Start importing Assets/Maze/Models/Gap.fbx using Guid(b9c75c9560b29c94b8688daef265808c) Importer(815301076,1909f56bfc062723c751e8b465ee728b)  -> (artifact id: '5181073c3f5b5ece7ab3ccd0eb1cd9e7') in 0.024154 seconds 
Number of asset objects unloaded after import = 7
========================================================================
Received Import Request.
  Time since last request: 0.000026 seconds.
  path: Assets/Maze/Models/Tree_1_V2.fbx
  artifactKey: Guid(723c228b7b7e5b04c96e77b95fe79e9e) Importer(815301076,1909f56bfc062723c751e8b465ee728b)
Number of updated assets reloaded before import = 0
Start importing Assets/Maze/Models/Tree_1_V2.fbx using Guid(723c228b7b7e5b04c96e77b95fe79e9e) Importer(815301076,1909f56bfc062723c751e8b465ee728b)  -> (artifact id: '81a3d46600cddd0ffa9c73c803fde117') in 0.015598 seconds 
Number of asset objects unloaded after import = 7
========================================================================
Received Import Request.
  Time since last request: 0.000020 seconds.
  path: Assets/Maze/Models/Gap_L.fbx
  artifactKey: Guid(7e46cde9f7f5c3d438be58c4e8398128) Importer(815301076,1909f56bfc062723c751e8b465ee728b)
Number of updated assets reloaded before import = 0
Start importing Assets/Maze/Models/Gap_L.fbx using Guid(7e46cde9f7f5c3d438be58c4e8398128) Importer(815301076,1909f56bfc062723c751e8b465ee728b)  -> (artifact id: 'ec2ca3dc3aae04c28202d3e4e92bb882') in 0.016349 seconds 
Number of asset objects unloaded after import = 7
========================================================================
Received Import Request.
  Time since last request: 0.000030 seconds.
  path: Assets/Maze/Models/Wall_Light.fbx
  artifactKey: Guid(de5bd658d17b62f4c8eb21edf758e3b9) Importer(815301076,1909f56bfc062723c751e8b465ee728b)
Number of updated assets reloaded before import = 0
Start importing Assets/Maze/Models/Wall_Light.fbx using Guid(de5bd658d17b62f4c8eb21edf758e3b9) Importer(815301076,1909f56bfc062723c751e8b465ee728b)  -> (artifact id: 'f61e14d51a3d7576dbcb88d7ac708c4b') in 0.018456 seconds 
Number of asset objects unloaded after import = 7
========================================================================
Received Import Request.
  Time since last request: 0.000029 seconds.
  path: Assets/Maze/Models/Wall_3M.fbx
  artifactKey: Guid(453d762048f90974c8a7164f9efc863e) Importer(815301076,1909f56bfc062723c751e8b465ee728b)
Number of updated assets reloaded before import = 0
Start importing Assets/Maze/Models/Wall_3M.fbx using Guid(453d762048f90974c8a7164f9efc863e) Importer(815301076,1909f56bfc062723c751e8b465ee728b)  -> (artifact id: '7805af242878f28be969523a5de8ae88') in 0.020150 seconds 
Number of asset objects unloaded after import = 7
========================================================================
Received Import Request.
  Time since last request: 0.000036 seconds.
  path: Assets/Maze/Models/Tree_4_V1.fbx
  artifactKey: Guid(6c3132072d6cf494abce5e38b23541c8) Importer(815301076,1909f56bfc062723c751e8b465ee728b)
Number of updated assets reloaded before import = 0
Start importing Assets/Maze/Models/Tree_4_V1.fbx using Guid(6c3132072d6cf494abce5e38b23541c8) Importer(815301076,1909f56bfc062723c751e8b465ee728b)  -> (artifact id: '2d5277a4c9cfbdba1b3b24fc097e0d0b') in 0.019633 seconds 
Number of asset objects unloaded after import = 7
========================================================================
Received Import Request.
  Time since last request: 0.000022 seconds.
  path: Assets/Maze/Models/Switch.fbx
  artifactKey: Guid(db1a69f26ddbf7c48a79d80538a8d820) Importer(815301076,1909f56bfc062723c751e8b465ee728b)
Number of updated assets reloaded before import = 0
Start importing Assets/Maze/Models/Switch.fbx using Guid(db1a69f26ddbf7c48a79d80538a8d820) Importer(815301076,1909f56bfc062723c751e8b465ee728b)  -> (artifact id: 'afa6d9d4153eab6d6f373ae27e81b946') in 0.032834 seconds 
Number of asset objects unloaded after import = 12
========================================================================
Received Import Request.
  Time since last request: 1.888258 seconds.
  path: Assets/Maze/Prefabs/Floor_2M.prefab
  artifactKey: Guid(1367d69f2a6970a468d6fd3f3a9f95f2) Importer(815301076,1909f56bfc062723c751e8b465ee728b)
Number of updated assets reloaded before import = 0
Start importing Assets/Maze/Prefabs/Floor_2M.prefab using Guid(1367d69f2a6970a468d6fd3f3a9f95f2) Importer(815301076,1909f56bfc062723c751e8b465ee728b)  -> (artifact id: '7016f6c657b2a618a9c46bad62a7070a') in 0.021418 seconds 
Number of asset objects unloaded after import = 12
========================================================================
Received Import Request.
  Time since last request: 0.000017 seconds.
  path: Assets/Maze/Prefabs/Tree_1_V2.prefab
  artifactKey: Guid(88d93d503cd32814a88b57ca365eedcc) Importer(815301076,1909f56bfc062723c751e8b465ee728b)
Number of updated assets reloaded before import = 0
Start importing Assets/Maze/Prefabs/Tree_1_V2.prefab using Guid(88d93d503cd32814a88b57ca365eedcc) Importer(815301076,1909f56bfc062723c751e8b465ee728b)  -> (artifact id: '16743e5cccc2a1e940ffa2be5119e78e') in 0.019080 seconds 
Number of asset objects unloaded after import = 12
========================================================================
Received Import Request.
  Time since last request: 0.000041 seconds.
  path: Assets/Maze/Prefabs/Wall_2M.prefab
  artifactKey: Guid(d4e577e2f39b1f94ea266cdb4774b5e4) Importer(815301076,1909f56bfc062723c751e8b465ee728b)
Number of updated assets reloaded before import = 0
Start importing Assets/Maze/Prefabs/Wall_2M.prefab using Guid(d4e577e2f39b1f94ea266cdb4774b5e4) Importer(815301076,1909f56bfc062723c751e8b465ee728b)  -> (artifact id: 'd3e9f572bb8bbecd815ac97ca20e8ad8') in 0.022887 seconds 
Number of asset objects unloaded after import = 12
========================================================================
Received Import Request.
  Time since last request: 0.000021 seconds.
  path: Assets/Maze/Prefabs/Wall_Lamp.prefab
  artifactKey: Guid(c0907f21c8d187b43829eb485f4489d7) Importer(815301076,1909f56bfc062723c751e8b465ee728b)
Number of updated assets reloaded before import = 0
Start importing Assets/Maze/Prefabs/Wall_Lamp.prefab using Guid(c0907f21c8d187b43829eb485f4489d7) Importer(815301076,1909f56bfc062723c751e8b465ee728b)  -> (artifact id: 'ab31b0784e5035b0ff853324e6034766') in 0.018247 seconds 
Number of asset objects unloaded after import = 11
========================================================================
Received Import Request.
  Time since last request: 0.000036 seconds.
  path: Assets/Maze/Prefabs/Wall_Light.prefab
  artifactKey: Guid(52854b7453417924faa50fb7d021a14d) Importer(815301076,1909f56bfc062723c751e8b465ee728b)
Number of updated assets reloaded before import = 0
Start importing Assets/Maze/Prefabs/Wall_Light.prefab using Guid(52854b7453417924faa50fb7d021a14d) Importer(815301076,1909f56bfc062723c751e8b465ee728b)  -> (artifact id: '404af3753ba96e23965433e64e760297') in 0.019953 seconds 
Number of asset objects unloaded after import = 11
========================================================================
Received Import Request.
  Time since last request: 0.000017 seconds.
  path: Assets/Maze/Prefabs/Tree_2_V1.prefab
  artifactKey: Guid(faa8fddb50fd6eb489905462ca588a22) Importer(815301076,1909f56bfc062723c751e8b465ee728b)
Number of updated assets reloaded before import = 0
Start importing Assets/Maze/Prefabs/Tree_2_V1.prefab using Guid(faa8fddb50fd6eb489905462ca588a22) Importer(815301076,1909f56bfc062723c751e8b465ee728b)  -> (artifact id: '58d6043521dc76a50765d94e1e4a7595') in 0.014548 seconds 
Number of asset objects unloaded after import = 12
========================================================================
Received Import Request.
  Time since last request: 0.000051 seconds.
  path: Assets/Maze/Prefabs/Gap_R.prefab
  artifactKey: Guid(89f2704a0d99c1044a579806fb64f2a3) Importer(815301076,1909f56bfc062723c751e8b465ee728b)
Number of updated assets reloaded before import = 0
Start importing Assets/Maze/Prefabs/Gap_R.prefab using Guid(89f2704a0d99c1044a579806fb64f2a3) Importer(815301076,1909f56bfc062723c751e8b465ee728b)  -> (artifact id: '49018f3a6d2fb22925d127840d50ad39') in 0.021513 seconds 
Number of asset objects unloaded after import = 15
========================================================================
Received Import Request.
  Time since last request: 0.000036 seconds.
  path: Assets/Maze/Prefabs/Wall_1M.prefab
  artifactKey: Guid(9b869531a7c3a5f438f8ed5803a6ee72) Importer(815301076,1909f56bfc062723c751e8b465ee728b)
Number of updated assets reloaded before import = 0
Start importing Assets/Maze/Prefabs/Wall_1M.prefab using Guid(9b869531a7c3a5f438f8ed5803a6ee72) Importer(815301076,1909f56bfc062723c751e8b465ee728b)  -> (artifact id: '8a8cd8ce88e8aad2a4235988d9caae92') in 0.015764 seconds 
Number of asset objects unloaded after import = 12
========================================================================
Received Import Request.
  Time since last request: 0.000044 seconds.
  path: Assets/Maze/Prefabs/Tree_4_V2.prefab
  artifactKey: Guid(e213e39257a3b0e4492e17f9fe253453) Importer(815301076,1909f56bfc062723c751e8b465ee728b)
Number of updated assets reloaded before import = 0
Start importing Assets/Maze/Prefabs/Tree_4_V2.prefab using Guid(e213e39257a3b0e4492e17f9fe253453) Importer(815301076,1909f56bfc062723c751e8b465ee728b)  -> (artifact id: 'ff1f0af23ed3e10fe447dbf21dd46039') in 0.018170 seconds 
Number of asset objects unloaded after import = 12
========================================================================
Received Import Request.
  Time since last request: 0.000017 seconds.
  path: Assets/Maze/Prefabs/Wall_3M.prefab
  artifactKey: Guid(54d08ba60661ea943a645c9fdbb4d353) Importer(815301076,1909f56bfc062723c751e8b465ee728b)
Number of updated assets reloaded before import = 0
Start importing Assets/Maze/Prefabs/Wall_3M.prefab using Guid(54d08ba60661ea943a645c9fdbb4d353) Importer(815301076,1909f56bfc062723c751e8b465ee728b)  -> (artifact id: 'a544b96c0e78e3bdaec2107a1895acbb') in 0.015673 seconds 
Number of asset objects unloaded after import = 12
========================================================================
Received Import Request.
  Time since last request: 0.000018 seconds.
  path: Assets/Maze/Prefabs/Pilar.prefab
  artifactKey: Guid(623bb50d8d0b3d54aa4a8f6566798d70) Importer(815301076,1909f56bfc062723c751e8b465ee728b)
Number of updated assets reloaded before import = 0
Start importing Assets/Maze/Prefabs/Pilar.prefab using Guid(623bb50d8d0b3d54aa4a8f6566798d70) Importer(815301076,1909f56bfc062723c751e8b465ee728b)  -> (artifact id: 'ee3ec2da472b6b4775915c4f0c20e7db') in 0.020596 seconds 
Number of asset objects unloaded after import = 14
========================================================================
Received Import Request.
  Time since last request: 0.000050 seconds.
  path: Assets/Maze/Prefabs/Floor_3M.prefab
  artifactKey: Guid(42471d84493492140af70847f296bd30) Importer(815301076,1909f56bfc062723c751e8b465ee728b)
Number of updated assets reloaded before import = 0
Start importing Assets/Maze/Prefabs/Floor_3M.prefab using Guid(42471d84493492140af70847f296bd30) Importer(815301076,1909f56bfc062723c751e8b465ee728b)  -> (artifact id: '6559db69464ead55d559bfd4b1e8c6f8') in 0.015971 seconds 
Number of asset objects unloaded after import = 12
Editor requested this worker to shutdown with reason: Scaling down because of idle timeout
AssetImportWorker is now disconnected from the server
Process exiting
Exiting without the bug reporter. Application will terminate with return code 0