Using pre-set license
Built from '2021.3/staging' branch; Version is '2021.3.45f1 (0da89fac8e79) revision 895135'; Using compiler version '192829333'; Build Type 'Release'
OS: 'Windows 11  (10.0.26100) 64bit Professional' Language: 'zh' Physical Memory: 16218 MB
BatchMode: 1, IsHumanControllingUs: 0, StartBugReporterOnCrash: 0, Is64bit: 1, IsPro: 1

COMMAND LINE ARGUMENTS:
C:\Program Files\Unity\Hub\Editor\2021.3.45f1\Editor\Unity.exe
-adb2
-batchMode
-noUpm
-name
AssetImportWorker2
-projectPath
C:/Users/Master/UnityProjects/Specter Chase Maze Trial
-logFile
Logs/AssetImportWorker2.log
-srvPort
58368
Successfully changed project path to: C:/Users/Master/UnityProjects/Specter Chase Maze Trial
C:/Users/Master/UnityProjects/Specter Chase Maze Trial
[UnityMemory] Configuration Parameters - Can be set up in boot.config
    "memorysetup-bucket-allocator-granularity=16"
    "memorysetup-bucket-allocator-bucket-count=8"
    "memorysetup-bucket-allocator-block-size=33554432"
    "memorysetup-bucket-allocator-block-count=8"
    "memorysetup-main-allocator-block-size=16777216"
    "memorysetup-thread-allocator-block-size=16777216"
    "memorysetup-gfx-main-allocator-block-size=16777216"
    "memorysetup-gfx-thread-allocator-block-size=16777216"
    "memorysetup-cache-allocator-block-size=4194304"
    "memorysetup-typetree-allocator-block-size=2097152"
    "memorysetup-profiler-bucket-allocator-granularity=16"
    "memorysetup-profiler-bucket-allocator-bucket-count=8"
    "memorysetup-profiler-bucket-allocator-block-size=33554432"
    "memorysetup-profiler-bucket-allocator-block-count=8"
    "memorysetup-profiler-allocator-block-size=16777216"
    "memorysetup-profiler-editor-allocator-block-size=1048576"
    "memorysetup-temp-allocator-size-main=16777216"
    "memorysetup-job-temp-allocator-block-size=2097152"
    "memorysetup-job-temp-allocator-block-size-background=1048576"
    "memorysetup-job-temp-allocator-reduction-small-platforms=262144"
    "memorysetup-temp-allocator-size-background-worker=32768"
    "memorysetup-temp-allocator-size-job-worker=262144"
    "memorysetup-temp-allocator-size-preload-manager=33554432"
    "memorysetup-temp-allocator-size-nav-mesh-worker=65536"
    "memorysetup-temp-allocator-size-audio-worker=65536"
    "memorysetup-temp-allocator-size-cloud-worker=32768"
    "memorysetup-temp-allocator-size-gi-baking-worker=262144"
    "memorysetup-temp-allocator-size-gfx=262144"
Player connection [19992] Host "[IP] 192.168.176.1 [Port] 0 [Flags] 2 [Guid] 2852512896 [EditorId] 2852512896 [Version] 1048832 [Id] WindowsEditor(7,WKS08) [Debug] 1 [PackageName] WindowsEditor [ProjectName] Editor" joined multi-casting on [225.0.0.222:54997]...

Player connection [19992] Host "[IP] 192.168.176.1 [Port] 0 [Flags] 2 [Guid] 2852512896 [EditorId] 2852512896 [Version] 1048832 [Id] WindowsEditor(7,WKS08) [Debug] 1 [PackageName] WindowsEditor [ProjectName] Editor" joined alternative multi-casting on [225.0.0.222:34997]...

[Physics::Module] Initialized MultithreadedJobDispatcher with {0} workers.
Refreshing native plugins compatible for Editor in 56.47 ms, found 3 plugins.
Preloading 0 native plugins for Editor in 0.00 ms.
Initialize engine version: 2021.3.45f1 (0da89fac8e79)
[Subsystems] Discovering subsystems at path C:/Program Files/Unity/Hub/Editor/2021.3.45f1/Editor/Data/Resources/UnitySubsystems
[Subsystems] Discovering subsystems at path C:/Users/Master/UnityProjects/Specter Chase Maze Trial/Assets
GfxDevice: creating device client; threaded=0; jobified=0
Direct3D:
    Version:  Direct3D 11.0 [level 11.1]
    Renderer: Radeon RX 550X (ID=0x699f)
    Vendor:   ATI
    VRAM:     4075 MB
    Driver:   31.0.21914.10004
Initialize mono
Mono path[0] = 'C:/Program Files/Unity/Hub/Editor/2021.3.45f1/Editor/Data/Managed'
Mono path[1] = 'C:/Program Files/Unity/Hub/Editor/2021.3.45f1/Editor/Data/MonoBleedingEdge/lib/mono/unityjit-win32'
Mono config path = 'C:/Program Files/Unity/Hub/Editor/2021.3.45f1/Editor/Data/MonoBleedingEdge/etc'
Using monoOptions --debugger-agent=transport=dt_socket,embedding=1,server=y,suspend=n,address=127.0.0.1:56128
Begin MonoManager ReloadAssembly
Registering precompiled unity dll's ...
Register platform support module: C:/Program Files/Unity/Hub/Editor/2021.3.45f1/Editor/Data/PlaybackEngines/WebGLSupport/UnityEditor.WebGL.Extensions.dll
Register platform support module: C:/Program Files/Unity/Hub/Editor/2021.3.45f1/Editor/Data/PlaybackEngines/AndroidPlayer/UnityEditor.Android.Extensions.dll
Register platform support module: C:/Program Files/Unity/Hub/Editor/2021.3.45f1/Editor/Data/PlaybackEngines/WindowsStandaloneSupport/UnityEditor.WindowsStandalone.Extensions.dll
Registered in 0.010459 seconds.
Native extension for WindowsStandalone target not found
Native extension for Android target not found
Android Extension - Scanning For ADB Devices 455 ms
Native extension for WebGL target not found
Refreshing native plugins compatible for Editor in 47.94 ms, found 3 plugins.
Preloading 0 native plugins for Editor in 0.00 ms.
Mono: successfully reloaded assembly
- Completed reload, in  1.209 seconds
Domain Reload Profiling:
	ReloadAssembly (1210ms)
		BeginReloadAssembly (148ms)
			ExecutionOrderSort (0ms)
			DisableScriptedObjects (0ms)
			BackupInstance (0ms)
			ReleaseScriptingObjects (0ms)
			CreateAndSetChildDomain (1ms)
		EndReloadAssembly (945ms)
			LoadAssemblies (150ms)
			RebuildTransferFunctionScriptingTraits (0ms)
			SetupTypeCache (145ms)
			ReleaseScriptCaches (0ms)
			RebuildScriptCaches (33ms)
			SetupLoadedEditorAssemblies (722ms)
				LogAssemblyErrors (0ms)
				InitializePlatformSupportModulesInManaged (534ms)
				SetLoadedEditorAssemblies (1ms)
				RefreshPlugins (48ms)
				BeforeProcessingInitializeOnLoad (1ms)
				ProcessInitializeOnLoadAttributes (94ms)
				ProcessInitializeOnLoadMethodAttributes (44ms)
				AfterProcessingInitializeOnLoad (0ms)
				EditorAssembliesLoaded (0ms)
			ExecutionOrderSort2 (0ms)
			AwakeInstancesAfterBackupRestoration (0ms)
Platform modules already initialized, skipping
Registering precompiled user dll's ...
Registered in 0.012603 seconds.
Begin MonoManager ReloadAssembly
Native extension for WindowsStandalone target not found
Native extension for Android target not found
Native extension for WebGL target not found
Refreshing native plugins compatible for Editor in 0.61 ms, found 3 plugins.
Preloading 0 native plugins for Editor in 0.00 ms.
Package Manager log level set to [2]
[Package Manager] Server::EnsureServerProcessIsRunning -- launch failed, reason: Unity was launched with the -noUpm command-line argument
[Package Manager] Cannot connect to Unity Package Manager local server
Mono: successfully reloaded assembly
- Completed reload, in  1.508 seconds
Domain Reload Profiling:
	ReloadAssembly (1508ms)
		BeginReloadAssembly (165ms)
			ExecutionOrderSort (0ms)
			DisableScriptedObjects (6ms)
			BackupInstance (0ms)
			ReleaseScriptingObjects (0ms)
			CreateAndSetChildDomain (21ms)
		EndReloadAssembly (1237ms)
			LoadAssemblies (155ms)
			RebuildTransferFunctionScriptingTraits (0ms)
			SetupTypeCache (290ms)
			ReleaseScriptCaches (1ms)
			RebuildScriptCaches (47ms)
			SetupLoadedEditorAssemblies (771ms)
				LogAssemblyErrors (0ms)
				InitializePlatformSupportModulesInManaged (15ms)
				SetLoadedEditorAssemblies (0ms)
				RefreshPlugins (1ms)
				BeforeProcessingInitializeOnLoad (58ms)
				ProcessInitializeOnLoadAttributes (671ms)
				ProcessInitializeOnLoadMethodAttributes (19ms)
				AfterProcessingInitializeOnLoad (6ms)
				EditorAssembliesLoaded (0ms)
			ExecutionOrderSort2 (0ms)
			AwakeInstancesAfterBackupRestoration (7ms)
Platform modules already initialized, skipping
========================================================================
Worker process is ready to serve import requests
Launched and connected shader compiler UnityShaderCompiler.exe after 0.06 seconds
Refreshing native plugins compatible for Editor in 0.55 ms, found 3 plugins.
Preloading 0 native plugins for Editor in 0.00 ms.
Unloading 3080 Unused Serialized files (Serialized files now loaded: 0)
Unloading 24 unused Assets / (46.5 KB). Loaded Objects now: 3541.
Memory consumption went from 106.8 MB to 106.7 MB.
Total: 3.223600 ms (FindLiveObjects: 0.301800 ms CreateObjectMapping: 0.231700 ms MarkObjects: 2.617300 ms  DeleteObjects: 0.071800 ms)

AssetImportParameters requested are different than current active one (requested -> active):
  custom:video-decoder-ogg-theora: a1e56fd34408186e4bbccfd4996cb3dc -> 
  custom:container-muxer-webm: aa71ff27fc2769a1b78a27578f13a17b -> 
  custom:container-demuxer-webm: 4f35f7cbe854078d1ac9338744f61a02 -> 
  custom:video-encoder-webm-vp8: eb34c28f22e8b96e1ab97ce403110664 -> 
  custom:video-codec-MediaFoundation-h265: 746d11721c4dcdbdad8f713fa42b33f4 -> 
  custom:CustomObjectIndexerAttribute: bc11b3a6c3213fcdd17b65e7da85e133 -> 
  custom:audio-encoder-webm-vorbis: bf7c407c2cedff20999df2af8eb42d56 -> 
  custom:framework-win-MediaFoundation: 216162199b28c13a410421893ffa2e32 -> 
  custom:SearchIndexIgnoredProperties: e643bd26f0fe6173181afceb89e7c659 -> 
  custom:container-demuxer-ogg: 62fdf1f143b41e24485cea50d1cbac27 -> 
  custom:video-decoder-webm-vp8: 9c59270c3fd7afecdb556c50c9e8de78 -> 
  custom:audio-decoder-ogg-vorbis: bf7c407c2cedff20999df2af8eb42d56 -> 
========================================================================
Received Import Request.
  Time since last request: 312526.480487 seconds.
  path: Assets/Maze/Scenes/Overview.unity
  artifactKey: Guid(568b7bc7c7e449742adae8d6cd361d19) Importer(815301076,1909f56bfc062723c751e8b465ee728b)
Number of updated assets reloaded before import = 0
Start importing Assets/Maze/Scenes/Overview.unity using Guid(568b7bc7c7e449742adae8d6cd361d19) Importer(815301076,1909f56bfc062723c751e8b465ee728b)  -> (artifact id: 'b95f87ae07ff631341dd5338d1402fd9') in 0.009909 seconds 
Number of asset objects unloaded after import = 0
========================================================================
Received Prepare
Registering precompiled user dll's ...
Registered in 0.011321 seconds.
Begin MonoManager ReloadAssembly
Native extension for WindowsStandalone target not found
Native extension for Android target not found
Native extension for WebGL target not found
Refreshing native plugins compatible for Editor in 0.54 ms, found 3 plugins.
Preloading 0 native plugins for Editor in 0.00 ms.
[Package Manager] Server::EnsureServerProcessIsRunning -- launch failed, reason: Unity was launched with the -noUpm command-line argument
[Package Manager] Cannot connect to Unity Package Manager local server
Mono: successfully reloaded assembly
- Completed reload, in  1.480 seconds
Domain Reload Profiling:
	ReloadAssembly (1481ms)
		BeginReloadAssembly (183ms)
			ExecutionOrderSort (0ms)
			DisableScriptedObjects (6ms)
			BackupInstance (0ms)
			ReleaseScriptingObjects (0ms)
			CreateAndSetChildDomain (39ms)
		EndReloadAssembly (1195ms)
			LoadAssemblies (145ms)
			RebuildTransferFunctionScriptingTraits (0ms)
			SetupTypeCache (305ms)
			ReleaseScriptCaches (1ms)
			RebuildScriptCaches (39ms)
			SetupLoadedEditorAssemblies (714ms)
				LogAssemblyErrors (0ms)
				InitializePlatformSupportModulesInManaged (16ms)
				SetLoadedEditorAssemblies (0ms)
				RefreshPlugins (1ms)
				BeforeProcessingInitializeOnLoad (44ms)
				ProcessInitializeOnLoadAttributes (618ms)
				ProcessInitializeOnLoadMethodAttributes (26ms)
				AfterProcessingInitializeOnLoad (9ms)
				EditorAssembliesLoaded (0ms)
			ExecutionOrderSort2 (0ms)
			AwakeInstancesAfterBackupRestoration (7ms)
Platform modules already initialized, skipping
Refreshing native plugins compatible for Editor in 0.47 ms, found 3 plugins.
Preloading 0 native plugins for Editor in 0.00 ms.
Unloading 3075 Unused Serialized files (Serialized files now loaded: 0)
Unloading 21 unused Assets / (22.0 KB). Loaded Objects now: 3554.
Memory consumption went from 106.7 MB to 106.7 MB.
Total: 4.232500 ms (FindLiveObjects: 0.364100 ms CreateObjectMapping: 0.341200 ms MarkObjects: 3.470900 ms  DeleteObjects: 0.054900 ms)

AssetImportParameters requested are different than current active one (requested -> active):
  custom:video-decoder-ogg-theora: a1e56fd34408186e4bbccfd4996cb3dc -> 
  custom:container-muxer-webm: aa71ff27fc2769a1b78a27578f13a17b -> 
  custom:container-demuxer-webm: 4f35f7cbe854078d1ac9338744f61a02 -> 
  custom:video-encoder-webm-vp8: eb34c28f22e8b96e1ab97ce403110664 -> 
  custom:video-codec-MediaFoundation-h265: 746d11721c4dcdbdad8f713fa42b33f4 -> 
  custom:CustomObjectIndexerAttribute: bc11b3a6c3213fcdd17b65e7da85e133 -> 
  custom:audio-encoder-webm-vorbis: bf7c407c2cedff20999df2af8eb42d56 -> 
  custom:framework-win-MediaFoundation: 216162199b28c13a410421893ffa2e32 -> 
  custom:SearchIndexIgnoredProperties: e643bd26f0fe6173181afceb89e7c659 -> 
  custom:container-demuxer-ogg: 62fdf1f143b41e24485cea50d1cbac27 -> 
  custom:video-decoder-webm-vp8: 9c59270c3fd7afecdb556c50c9e8de78 -> 
  custom:audio-decoder-ogg-vorbis: bf7c407c2cedff20999df2af8eb42d56 -> 
========================================================================
Received Import Request.
  Time since last request: 543.635252 seconds.
  path: Assets/Kartograph
  artifactKey: Guid(94a7d709516d7c740bb03682b23d5f0c) Importer(815301076,1909f56bfc062723c751e8b465ee728b)
Number of updated assets reloaded before import = 0
Start importing Assets/Kartograph using Guid(94a7d709516d7c740bb03682b23d5f0c) Importer(815301076,1909f56bfc062723c751e8b465ee728b)  -> (artifact id: 'c967509c0e8500c3307de5d1cf57de23') in 0.007736 seconds 
Number of asset objects unloaded after import = 0
========================================================================
Received Import Request.
  Time since last request: 2.154085 seconds.
  path: Assets/Kartograph/Demo
  artifactKey: Guid(4f1f9200942266144b1e7a4295e9556a) Importer(815301076,1909f56bfc062723c751e8b465ee728b)
Number of updated assets reloaded before import = 0
Start importing Assets/Kartograph/Demo using Guid(4f1f9200942266144b1e7a4295e9556a) Importer(815301076,1909f56bfc062723c751e8b465ee728b)  -> (artifact id: '7ba674736d51f6ed87d8a9ec3acdc404') in 0.003560 seconds 
Number of asset objects unloaded after import = 0
========================================================================
Received Import Request.
  Time since last request: 1.900781 seconds.
  path: Assets/Kartograph/Demo/SampleVisuals
  artifactKey: Guid(153d5f809c064cb4c9b5860db26b3464) Importer(815301076,1909f56bfc062723c751e8b465ee728b)
Number of updated assets reloaded before import = 0
Start importing Assets/Kartograph/Demo/SampleVisuals using Guid(153d5f809c064cb4c9b5860db26b3464) Importer(815301076,1909f56bfc062723c751e8b465ee728b)  -> (artifact id: '6889788fae55abecb3efd0c09d7be9a7') in 0.003448 seconds 
Number of asset objects unloaded after import = 0
========================================================================
Received Import Request.
  Time since last request: 0.072867 seconds.
  path: Assets/Kartograph/Demo/SampleVisuals/Corridor.mat
  artifactKey: Guid(7276bc4d40a71aa4f8e2617d6f7951f2) Importer(815301076,1909f56bfc062723c751e8b465ee728b)
Number of updated assets reloaded before import = 0
Start importing Assets/Kartograph/Demo/SampleVisuals/Corridor.mat using Guid(7276bc4d40a71aa4f8e2617d6f7951f2) Importer(815301076,1909f56bfc062723c751e8b465ee728b)  -> (artifact id: '368c9a381fcd8fd0cadf52ca1a3dd0b5') in 0.363948 seconds 
Number of asset objects unloaded after import = 1
========================================================================
Received Import Request.
  Time since last request: 4.092702 seconds.
  path: Assets/Kartograph/Demo/Scenes/Sample3D.unity
  artifactKey: Guid(fd5c4f821f60f504e86f3c46b210de1c) Importer(815301076,1909f56bfc062723c751e8b465ee728b)
Number of updated assets reloaded before import = 0
Start importing Assets/Kartograph/Demo/Scenes/Sample3D.unity using Guid(fd5c4f821f60f504e86f3c46b210de1c) Importer(815301076,1909f56bfc062723c751e8b465ee728b)  -> (artifact id: '431029b03990a0e54896fe5c0d4c6586') in 0.003156 seconds 
Number of asset objects unloaded after import = 0
========================================================================
Received Import Request.
  Time since last request: 17.362855 seconds.
  path: Assets/Kartograph/Demo/Scenes/Sample3DSettings.lighting
  artifactKey: Guid(9654482bc2cba86468735a30e1c4904d) Importer(815301076,1909f56bfc062723c751e8b465ee728b)
Number of updated assets reloaded before import = 0
Start importing Assets/Kartograph/Demo/Scenes/Sample3DSettings.lighting using Guid(9654482bc2cba86468735a30e1c4904d) Importer(815301076,1909f56bfc062723c751e8b465ee728b)  -> (artifact id: '8aec6c15dc90d64e5a8a6c22502608ef') in 0.006481 seconds 
Number of asset objects unloaded after import = 1
========================================================================
Received Import Request.
  Time since last request: 23.971121 seconds.
  path: Assets/Kartograph/Demo/Prefabs/3D
  artifactKey: Guid(af1972f0dfb9dec4c8f6db02343acc8a) Importer(815301076,1909f56bfc062723c751e8b465ee728b)
Number of updated assets reloaded before import = 0
Start importing Assets/Kartograph/Demo/Prefabs/3D using Guid(af1972f0dfb9dec4c8f6db02343acc8a) Importer(815301076,1909f56bfc062723c751e8b465ee728b)  -> (artifact id: '8861690a944d65e585c873d87ab4cd72') in 0.007023 seconds 
Number of asset objects unloaded after import = 0
========================================================================
Received Import Request.
  Time since last request: 0.087619 seconds.
  path: Assets/Kartograph/Demo/Prefabs/3D/Corridor1.prefab
  artifactKey: Guid(c922fec10f3cea841860c7478e6c2899) Importer(815301076,1909f56bfc062723c751e8b465ee728b)
Number of updated assets reloaded before import = 0
Start importing Assets/Kartograph/Demo/Prefabs/3D/Corridor1.prefab using Guid(c922fec10f3cea841860c7478e6c2899) Importer(815301076,1909f56bfc062723c751e8b465ee728b)  -> (artifact id: '2f0d3ad06569ad5361d56ad016a20c30') in 0.031500 seconds 
Number of asset objects unloaded after import = 31
========================================================================
Received Import Request.
  Time since last request: 0.000036 seconds.
  path: Assets/Kartograph/Demo/Prefabs/3D/Room3.prefab
  artifactKey: Guid(37397042b63958749882c7bff52d4dff) Importer(815301076,1909f56bfc062723c751e8b465ee728b)
Number of updated assets reloaded before import = 0
Start importing Assets/Kartograph/Demo/Prefabs/3D/Room3.prefab using Guid(37397042b63958749882c7bff52d4dff) Importer(815301076,1909f56bfc062723c751e8b465ee728b)  -> (artifact id: '39a5ee9c0014e9abab4c7a3b12d1a34f') in 0.017201 seconds 
Number of asset objects unloaded after import = 59
========================================================================
Received Import Request.
  Time since last request: 0.000023 seconds.
  path: Assets/Kartograph/Demo/Prefabs/3D/Room4.prefab
  artifactKey: Guid(e7a44541ce241984e80a6fcef0fc2acf) Importer(815301076,1909f56bfc062723c751e8b465ee728b)
Number of updated assets reloaded before import = 0
Start importing Assets/Kartograph/Demo/Prefabs/3D/Room4.prefab using Guid(e7a44541ce241984e80a6fcef0fc2acf) Importer(815301076,1909f56bfc062723c751e8b465ee728b)  -> (artifact id: 'c20a745d35a7d10cded59f12be42ad86') in 0.013012 seconds 
Number of asset objects unloaded after import = 53
========================================================================
Received Import Request.
  Time since last request: 0.000027 seconds.
  path: Assets/Kartograph/Demo/Prefabs/3D/Room2.prefab
  artifactKey: Guid(6e6dc0ffc40ca0c48994077da31731a2) Importer(815301076,1909f56bfc062723c751e8b465ee728b)
Number of updated assets reloaded before import = 0
Start importing Assets/Kartograph/Demo/Prefabs/3D/Room2.prefab using Guid(6e6dc0ffc40ca0c48994077da31731a2) Importer(815301076,1909f56bfc062723c751e8b465ee728b)  -> (artifact id: 'ace26bfb981b4133cfb56a9b95bc5340') in 0.016227 seconds 
Number of asset objects unloaded after import = 54
========================================================================
Received Import Request.
  Time since last request: 5.204391 seconds.
  path: Assets/Kartograph/Demo/Scenes
  artifactKey: Guid(67f2db89b0bb0904580fc32709f2f4b5) Importer(815301076,1909f56bfc062723c751e8b465ee728b)
Number of updated assets reloaded before import = 0
Start importing Assets/Kartograph/Demo/Scenes using Guid(67f2db89b0bb0904580fc32709f2f4b5) Importer(815301076,1909f56bfc062723c751e8b465ee728b)  -> (artifact id: 'db157b6fe4bafd3ca5426c76c4979216') in 0.004768 seconds 
Number of asset objects unloaded after import = 0
========================================================================
Received Import Request.
  Time since last request: 10.151935 seconds.
  path: Assets/Kartograph/Packages/Editor
  artifactKey: Guid(0f65847d88f2d9a43bfaa5a71d17fc5b) Importer(815301076,1909f56bfc062723c751e8b465ee728b)
Number of updated assets reloaded before import = 0
Start importing Assets/Kartograph/Packages/Editor using Guid(0f65847d88f2d9a43bfaa5a71d17fc5b) Importer(815301076,1909f56bfc062723c751e8b465ee728b)  -> (artifact id: '72aab17be1bdf13f8dbc4a11e0990d46') in 0.003872 seconds 
Number of asset objects unloaded after import = 0
========================================================================
Received Import Request.
  Time since last request: 2.313287 seconds.
  path: Assets/Kartograph/Resources/EndTemplate2D.prefab
  artifactKey: Guid(824a2a4de809ce44496ad016a6453dba) Importer(815301076,1909f56bfc062723c751e8b465ee728b)
Number of updated assets reloaded before import = 0
Start importing Assets/Kartograph/Resources/EndTemplate2D.prefab using Guid(824a2a4de809ce44496ad016a6453dba) Importer(815301076,1909f56bfc062723c751e8b465ee728b)  -> (artifact id: '3617a1dbf9406738743c4166ad9b01b1') in 0.016824 seconds 
Number of asset objects unloaded after import = 11
========================================================================
Received Import Request.
  Time since last request: 0.000032 seconds.
  path: Assets/Kartograph/Resources/SectionTemplate3D.prefab
  artifactKey: Guid(e47e58af08dfbde4f9b44b7ad8a1d69c) Importer(815301076,1909f56bfc062723c751e8b465ee728b)
Number of updated assets reloaded before import = 0
Start importing Assets/Kartograph/Resources/SectionTemplate3D.prefab using Guid(e47e58af08dfbde4f9b44b7ad8a1d69c) Importer(815301076,1909f56bfc062723c751e8b465ee728b)  -> (artifact id: 'e2d7f1757c31e690c54ef6e614a9b443') in 0.008007 seconds 
Number of asset objects unloaded after import = 16
========================================================================
Received Import Request.
  Time since last request: 4.886847 seconds.
  path: Assets/Kartograph/Demo/Prefabs
  artifactKey: Guid(a6c5535eb6e4d8e418930d7e6f8f17f8) Importer(815301076,1909f56bfc062723c751e8b465ee728b)
Number of updated assets reloaded before import = 0
Start importing Assets/Kartograph/Demo/Prefabs using Guid(a6c5535eb6e4d8e418930d7e6f8f17f8) Importer(815301076,1909f56bfc062723c751e8b465ee728b)  -> (artifact id: 'e26bb2e5f8e15a8de918ec2e7e66eb1f') in 0.014772 seconds 
Number of asset objects unloaded after import = 0
